<?xml version="1.0" encoding="UTF-8"?>
<!-- Generated by org.testng.reporters.JUnitXMLReporter -->
<testsuite hostname="hostDEV" name="Demo Test Cases" tests="3" failures="0" timestamp="2 Aug 2018 18:48:55 GMT" time="0.076" errors="0">
  <testcase name="loginTest" time="0.036" classname="com.demo.qa.testcases.LoginTest"/>
  <testcase name="loginTest" time="0.002" classname="com.demo.qa.testcases.LoginTest1"/>
  <testcase name="loginTest" time="0.001" classname="com.demo.qa.testcases.LoginTest2"/>
</testsuite> <!-- Demo Test Cases -->
