<?xml version="1.0" encoding="UTF-8"?>
<!-- Generated by org.testng.reporters.JUnitXMLReporter -->
<testsuite hostname="hostDEV" name="Demo Test Cases" tests="3" failures="0" timestamp="2 Aug 2018 20:02:55 GMT" time="0.021" errors="0">
  <testcase name="loginTest" time="0.008" classname="com.demo.qa.testcases.LoginTest"/>
  <testcase name="loginTest" time="0.001" classname="com.demo.qa.testcases.LoginTest1"/>
  <testcase name="loginTest" time="0.0" classname="com.demo.qa.testcases.LoginTest2"/>
</testsuite> <!-- Demo Test Cases -->
