<?xml version="1.0" encoding="UTF-8"?>
<testng-results skipped="0" failed="0" total="3" passed="3">
  <reporter-output>
  </reporter-output>
  <suite name="Test Automation Test Suite" duration-ms="21" started-at="2018-08-02T20:02:55Z" finished-at="2018-08-02T20:02:55Z">
    <groups>
    </groups>
    <test name="Demo Test Cases" duration-ms="21" started-at="2018-08-02T20:02:55Z" finished-at="2018-08-02T20:02:55Z">
      <class name="com.demo.qa.testcases.LoginTest1">
        <test-method status="PASS" signature="loginTest()[pri:0, instance:com.demo.qa.testcases.LoginTest1@5b464ce8]" name="loginTest" duration-ms="1" started-at="2018-08-02T13:02:55Z" finished-at="2018-08-02T13:02:55Z">
          <reporter-output>
          </reporter-output>
        </test-method> <!-- loginTest -->
      </class> <!-- com.demo.qa.testcases.LoginTest1 -->
      <class name="com.demo.qa.testcases.LoginTest">
        <test-method status="PASS" signature="loginTest()[pri:0, instance:com.demo.qa.testcases.LoginTest@511baa65]" name="loginTest" duration-ms="8" started-at="2018-08-02T13:02:55Z" finished-at="2018-08-02T13:02:55Z">
          <reporter-output>
          </reporter-output>
        </test-method> <!-- loginTest -->
      </class> <!-- com.demo.qa.testcases.LoginTest -->
      <class name="com.demo.qa.testcases.LoginTest2">
        <test-method status="PASS" signature="loginTest()[pri:0, instance:com.demo.qa.testcases.LoginTest2@57829d67]" name="loginTest" duration-ms="0" started-at="2018-08-02T13:02:55Z" finished-at="2018-08-02T13:02:55Z">
          <reporter-output>
          </reporter-output>
        </test-method> <!-- loginTest -->
      </class> <!-- com.demo.qa.testcases.LoginTest2 -->
    </test> <!-- Demo Test Cases -->
  </suite> <!-- Test Automation Test Suite -->
</testng-results>
