<?xml version="1.0" encoding="UTF-8"?>
<testng-results skipped="0" failed="0" total="1" passed="1">
  <reporter-output>
  </reporter-output>
  <suite name="com.demo.qa.testcases.LoginTest" duration-ms="38" started-at="2018-07-17T04:51:52Z" finished-at="2018-07-17T04:51:52Z">
    <groups>
    </groups>
    <test name="Command line test" duration-ms="38" started-at="2018-07-17T04:51:52Z" finished-at="2018-07-17T04:51:52Z">
      <class name="com.demo.qa.testcases.LoginTest">
        <test-method status="PASS" signature="loginTest()[pri:0, instance:com.demo.qa.testcases.LoginTest@17c68925]" name="loginTest" duration-ms="19" started-at="2018-07-16T21:51:52Z" finished-at="2018-07-16T21:51:52Z">
          <reporter-output>
          </reporter-output>
        </test-method> <!-- loginTest -->
      </class> <!-- com.demo.qa.testcases.LoginTest -->
    </test> <!-- Command line test -->
  </suite> <!-- com.demo.qa.testcases.LoginTest -->
</testng-results>
