<?xml version="1.0" encoding="UTF-8"?>
<testng-results skipped="0" failed="0" total="1" passed="1">
  <reporter-output>
  </reporter-output>
  <suite name="FREE CRM Application Test Automation Test Suite" duration-ms="37" started-at="2018-07-16T07:04:06Z" finished-at="2018-07-16T07:04:06Z">
    <groups>
    </groups>
    <test name="DemoGit Test Cases" duration-ms="37" started-at="2018-07-16T07:04:06Z" finished-at="2018-07-16T07:04:06Z">
      <class name="com.demo.qa.testcases.LoginTest">
        <test-method status="PASS" signature="loginTest()[pri:0, instance:com.demo.qa.testcases.LoginTest@643b1d11]" name="loginTest" duration-ms="15" started-at="2018-07-16T00:04:06Z" finished-at="2018-07-16T00:04:06Z">
          <reporter-output>
          </reporter-output>
        </test-method> <!-- loginTest -->
      </class> <!-- com.demo.qa.testcases.LoginTest -->
    </test> <!-- DemoGit Test Cases -->
  </suite> <!-- FREE CRM Application Test Automation Test Suite -->
</testng-results>
