<?xml version="1.0" encoding="UTF-8"?>
<testng-results skipped="0" failed="0" total="3" passed="3">
  <reporter-output>
  </reporter-output>
  <suite name="Test Automation Test Suite" duration-ms="76" started-at="2018-08-02T18:48:54Z" finished-at="2018-08-02T18:48:54Z">
    <groups>
    </groups>
    <test name="Demo Test Cases" duration-ms="76" started-at="2018-08-02T18:48:54Z" finished-at="2018-08-02T18:48:54Z">
      <class name="com.demo.qa.testcases.LoginTest1">
        <test-method status="PASS" signature="loginTest()[pri:0, instance:com.demo.qa.testcases.LoginTest1@4520ebad]" name="loginTest" duration-ms="2" started-at="2018-08-02T11:48:54Z" finished-at="2018-08-02T11:48:54Z">
          <reporter-output>
          </reporter-output>
        </test-method> <!-- loginTest -->
      </class> <!-- com.demo.qa.testcases.LoginTest1 -->
      <class name="com.demo.qa.testcases.LoginTest">
        <test-method status="PASS" signature="loginTest()[pri:0, instance:com.demo.qa.testcases.LoginTest@62ee68d8]" name="loginTest" duration-ms="36" started-at="2018-08-02T11:48:54Z" finished-at="2018-08-02T11:48:54Z">
          <reporter-output>
          </reporter-output>
        </test-method> <!-- loginTest -->
      </class> <!-- com.demo.qa.testcases.LoginTest -->
      <class name="com.demo.qa.testcases.LoginTest2">
        <test-method status="PASS" signature="loginTest()[pri:0, instance:com.demo.qa.testcases.LoginTest2@5419f379]" name="loginTest" duration-ms="1" started-at="2018-08-02T11:48:54Z" finished-at="2018-08-02T11:48:54Z">
          <reporter-output>
          </reporter-output>
        </test-method> <!-- loginTest -->
      </class> <!-- com.demo.qa.testcases.LoginTest2 -->
    </test> <!-- Demo Test Cases -->
  </suite> <!-- Test Automation Test Suite -->
</testng-results>
